2018-01-20 20:03:05 +0000 [MT] Initial pipeline context: <IDEDistributionProcessingPipelineContext: 0x7fa515ee68f0; archive(resolved)='<IDEArchive: 0x7fa515f03ae0>', distributionTask(resolved)='2', distributionMethod(resolved)='<IDEDistributionMethodDevelopmentSigned: 0x7fa515daa100>', team(resolved)='<IDEProvisioningBasicTeam 0x7fa51602fee0: teamID: 9483S2UTDX, teamName: Aaron Epstein>'>
	Chain (11, self inclusive):
	<IDEDistributionProcessingPipelineContext: 0x7fa515ee68f0; archive = '<IDEArchive: 0x7fa515f03ae0>', distributionMethod='<IDEDistributionMethodDevelopmentSigned: 0x7fa515daa100>', team='<IDEProvisioningBasicTeam 0x7fa51602fee0: teamID: 9483S2UTDX, teamName: Aaron Epstein>'>
	<IDEDistributionProcessingPipelineContext: 0x7fa515ed5080; archive = '<IDEArchive: 0x7fa515f03ae0>', distributionMethod='<IDEDistributionMethodDevelopmentSigned: 0x7fa515daa100>', team='<IDEProvisioningBasicTeam 0x7fa51602fee0: teamID: 9483S2UTDX, teamName: Aaron Epstein>'>
	<IDEDistributionContext: 0x7fa51604a4c0; archive = '<IDEArchive: 0x7fa515f03ae0>', distributionMethod='<IDEDistributionMethodDevelopmentSigned: 0x7fa515daa100>', team='<IDEProvisioningBasicTeam 0x7fa51602fee0: teamID: 9483S2UTDX, teamName: Aaron Epstein>'>
	<IDEDistributionContext: 0x7fa515ecf8b0; archive = '<IDEArchive: 0x7fa515f03ae0>', distributionMethod='<IDEDistributionMethodDevelopmentSigned: 0x7fa515daa100>', team='<IDEProvisioningBasicTeam 0x7fa51602fee0: teamID: 9483S2UTDX, teamName: Aaron Epstein>'>
	<IDEDistributionContext: 0x7fa516031df0; archive = '<IDEArchive: 0x7fa515f03ae0>', distributionMethod='<IDEDistributionMethodDevelopmentSigned: 0x7fa515daa100>', team='<IDEProvisioningBasicTeam 0x7fa51602fee0: teamID: 9483S2UTDX, teamName: Aaron Epstein>'>
	<IDEDistributionContext: 0x7fa515ec0160; archive = '<IDEArchive: 0x7fa515f03ae0>', distributionMethod='<IDEDistributionMethodDevelopmentSigned: 0x7fa515daa100>', team='<IDEProvisioningBasicTeam 0x7fa51602fee0: teamID: 9483S2UTDX, teamName: Aaron Epstein>'>
	<IDEDistributionContext: 0x7fa515ec8960; archive = '<IDEArchive: 0x7fa515f03ae0>', distributionMethod='<IDEDistributionMethodDevelopmentSigned: 0x7fa515daa100>', team='<IDEProvisioningBasicTeam 0x7fa51602fee0: teamID: 9483S2UTDX, teamName: Aaron Epstein>'>
	<IDEDistributionContext: 0x7fa51602ffc0; archive = '<IDEArchive: 0x7fa515f03ae0>', distributionMethod='<IDEDistributionMethodDevelopmentSigned: 0x7fa515daa100>', team='<IDEProvisioningBasicTeam 0x7fa51602fee0: teamID: 9483S2UTDX, teamName: Aaron Epstein>'>
	<IDEDistributionContext: 0x7fa515dba0c0; archive = '<IDEArchive: 0x7fa515f03ae0>', distributionMethod='<IDEDistributionMethodDevelopmentSigned: 0x7fa515daa100>', team='<IDEProvisioningBasicTeam 0x7fa51602fee0: teamID: 9483S2UTDX, teamName: Aaron Epstein>'>
	<IDEDistributionContext: 0x7fa5137aa3c0; archive = '<IDEArchive: 0x7fa515f03ae0>', distributionMethod='<IDEDistributionMethodDevelopmentSigned: 0x7fa515daa100>', team='(null)'>
	<IDEDistributionContext: 0x7fa515a795a0; archive = '<IDEArchive: 0x7fa515f03ae0>', distributionMethod='(null)', team='(null)'>
</IDEDistributionProcessingPipelineContext: 0x7fa515ee68f0>
2018-01-20 20:03:05 +0000 [MT] Processing step: IDEDistributionCreateDestRootStep
2018-01-20 20:03:05 +0000 [MT] Processing step: IDEDistributionCopyItemStep
2018-01-20 20:03:05 +0000 [MT] Running /usr/bin/ditto '-V' '/Users/aaronep/Desktop/Dev/VirtualCrit-IOS/ios-f7/platforms/ios/Virtual Crit II.xcarchive/Products/Applications/Virtual Crit II.app' '/var/folders/cc/51zyclcs4yl_jsz5swr5pdz00000gn/T/XcodeDistPipeline.t12/Root/Payload/Virtual Crit II.app'
2018-01-20 20:03:05 +0000  >>> Copying /Users/aaronep/Desktop/Dev/VirtualCrit-IOS/ios-f7/platforms/ios/Virtual Crit II.xcarchive/Products/Applications/Virtual Crit II.app 
2018-01-20 20:03:05 +0000  
2018-01-20 20:03:05 +0000  copying file ./_CodeSignature/CodeResources ... 
2018-01-20 20:03:05 +0000  49139 bytes for ./_CodeSignature/CodeResources
2018-01-20 20:03:05 +0000  copying file ./LaunchImage@2x.png ... 
2018-01-20 20:03:05 +0000  776917 bytes for ./LaunchImage@2x.png
2018-01-20 20:03:05 +0000  copying file ./AppIcon20x20@2x.png ... 
4789 bytes for ./AppIcon20x20@2x.png
copying file ./MainViewController.nib ... 
2018-01-20 20:03:05 +0000  943 bytes for ./MainViewController.nib
copying file ./AppIcon57x57.png ... 
2018-01-20 20:03:05 +0000  8895 bytes for ./AppIcon57x57.png
2018-01-20 20:03:05 +0000  copying file ./AppIcon20x20@3x.png ... 
2018-01-20 20:03:05 +0000  10056 bytes for ./AppIcon20x20@3x.png
copying file ./AppIcon29x29.png ... 
2018-01-20 20:03:05 +0000  2677 bytes for ./AppIcon29x29.png
2018-01-20 20:03:05 +0000  copying file ./LaunchImage-568h@2x.png ... 
2018-01-20 20:03:05 +0000  906323 bytes for ./LaunchImage-568h@2x.png
2018-01-20 20:03:05 +0000  copying file ./AppIcon60x60@2x.png ... 
32871 bytes for ./AppIcon60x60@2x.png
copying file ./AppIcon72x72@2x~ipad.png ... 
39337 bytes for ./AppIcon72x72@2x~ipad.png
copying file ./AppIcon29x29@2x.png ... 
2018-01-20 20:03:05 +0000  9372 bytes for ./AppIcon29x29@2x.png
2018-01-20 20:03:05 +0000  copying file ./LaunchImage-800-667h@2x.png ... 
2018-01-20 20:03:05 +0000  1078838 bytes for ./LaunchImage-800-667h@2x.png
2018-01-20 20:03:05 +0000  copying file ./LaunchImage-Portrait@2x~ipad.png ... 
2018-01-20 20:03:05 +0000  2589955 bytes for ./LaunchImage-Portrait@2x~ipad.png
copying file ./AppIcon40x40@3x.png ... 
2018-01-20 20:03:05 +0000  32871 bytes for ./AppIcon40x40@3x.png
copying file ./AppIcon57x57@2x.png ... 
15324 bytes for ./AppIcon57x57@2x.png
copying file ./AppIcon29x29~ipad.png ... 
2677 bytes for ./AppIcon29x29~ipad.png
copying file ./AppIcon40x40@2x.png ... 
16740 bytes for ./AppIcon40x40@2x.png
copying file ./LaunchImage-Portrait~ipad.png ... 
923174 bytes for ./LaunchImage-Portrait~ipad.png
copying file ./AppIcon29x29@3x.png ... 
2018-01-20 20:03:05 +0000  19687 bytes for ./AppIcon29x29@3x.png
copying file ./AppIcon60x60@3x.png ... 
42876 bytes for ./AppIcon60x60@3x.png
copying file ./config.xml ... 
5290 bytes for ./config.xml
copying file ./www/index.html ... 
2018-01-20 20:03:05 +0000  21874 bytes for ./www/index.html
2018-01-20 20:03:05 +0000  copying file ./www/about.html ... 
2018-01-20 20:03:05 +0000  2316 bytes for ./www/about.html
2018-01-20 20:03:05 +0000  copying file ./www/cordova.js ... 
2018-01-20 20:03:05 +0000  78044 bytes for ./www/cordova.js
2018-01-20 20:03:05 +0000  copying file ./www/css/my-app.css ... 
2018-01-20 20:03:05 +0000  13313 bytes for ./www/css/my-app.css
2018-01-20 20:03:05 +0000  copying file ./www/css/Yan400.woff2 ... 
2018-01-20 20:03:05 +0000  12436 bytes for ./www/css/Yan400.woff2
copying file ./www/css/Yan700.woff2 ... 
2018-01-20 20:03:05 +0000  12224 bytes for ./www/css/Yan700.woff2
2018-01-20 20:03:05 +0000  copying file ./www/css/my-app.css.white.css ... 
2018-01-20 20:03:05 +0000  9882 bytes for ./www/css/my-app.css.white.css
2018-01-20 20:03:05 +0000  copying file ./www/dist/form.html ... 
2018-01-20 20:03:05 +0000  7425 bytes for ./www/dist/form.html
2018-01-20 20:03:05 +0000  copying file ./www/dist/index.html ... 
2018-01-20 20:03:05 +0000  4654 bytes for ./www/dist/index.html
copying file ./www/dist/about.html ... 
2018-01-20 20:03:05 +0000  1696 bytes for ./www/dist/about.html
2018-01-20 20:03:05 +0000  copying file ./www/dist/css/framework7.css ... 
2018-01-20 20:03:05 +0000  967988 bytes for ./www/dist/css/framework7.css
2018-01-20 20:03:05 +0000  copying file ./www/dist/css/framework7.ios.colors.css ... 
137231 bytes for ./www/dist/css/framework7.ios.colors.css
copying file ./www/dist/css/my-app.css ... 
0 bytes for ./www/dist/css/my-app.css
copying file ./www/dist/css/framework7.ios.rtl.css ... 
2018-01-20 20:03:05 +0000  29561 bytes for ./www/dist/css/framework7.ios.rtl.css
copying file ./www/dist/css/framework7.material.rtl.css ... 
2018-01-20 20:03:05 +0000  43830 bytes for ./www/dist/css/framework7.material.rtl.css
2018-01-20 20:03:05 +0000  copying file ./www/dist/css/framework7.ios.rtl.min.css ... 
2018-01-20 20:03:05 +0000  26945 bytes for ./www/dist/css/framework7.ios.rtl.min.css
2018-01-20 20:03:05 +0000  copying file ./www/dist/css/framework7.ios.min.css ... 
2018-01-20 20:03:05 +0000  181616 bytes for ./www/dist/css/framework7.ios.min.css
copying file ./www/dist/css/framework7.material.colors.min.css ... 
2018-01-20 20:03:05 +0000  373532 bytes for ./www/dist/css/framework7.material.colors.min.css
copying file ./www/dist/css/framework7.ios.css ... 
2018-01-20 20:03:05 +0000  213656 bytes for ./www/dist/css/framework7.ios.css
2018-01-20 20:03:05 +0000  copying file ./www/dist/css/framework7.ios.colors.min.css ... 
2018-01-20 20:03:05 +0000  128528 bytes for ./www/dist/css/framework7.ios.colors.min.css
copying file ./www/dist/css/framework7.material.rtl.min.css ... 
2018-01-20 20:03:05 +0000  41642 bytes for ./www/dist/css/framework7.material.rtl.min.css
copying file ./www/dist/css/framework7.material.min.css ... 
2018-01-20 20:03:05 +0000  192822 bytes for ./www/dist/css/framework7.material.min.css
2018-01-20 20:03:05 +0000  copying file ./www/dist/css/framework7.material.colors.css ... 
2018-01-20 20:03:05 +0000  398183 bytes for ./www/dist/css/framework7.material.colors.css
copying file ./www/dist/css/framework7.material.css ... 
226523 bytes for ./www/dist/css/framework7.material.css
copying file ./www/dist/js/framework7.min.js.map ... 
2018-01-20 20:03:05 +0000  1248871 bytes for ./www/dist/js/framework7.min.js.map
2018-01-20 20:03:05 +0000  copying file ./www/dist/js/my-app.js ... 
1666 bytes for ./www/dist/js/my-app.js
copying file ./www/dist/js/framework7.js ... 
2018-01-20 20:03:05 +0000  829993 bytes for ./www/dist/js/framework7.js
copying file ./www/dist/js/framework7.js.map ... 
2018-01-20 20:03:05 +0000  944247 bytes for ./www/dist/js/framework7.js.map
2018-01-20 20:03:05 +0000  copying file ./www/dist/js/framework7.min.js ... 
2018-01-20 20:03:05 +0000  327463 bytes for ./www/dist/js/framework7.min.js
copying file ./www/dist/img/i-f7-material.png ... 
2018-01-20 20:03:05 +0000  8995 bytes for ./www/dist/img/i-f7-material.png
2018-01-20 20:03:05 +0000  copying file ./www/dist/img/i-f7-ios.png ... 
2018-01-20 20:03:05 +0000  7289 bytes for ./www/dist/img/i-f7-ios.png
2018-01-20 20:03:05 +0000  copying file ./www/dist/services.html ... 
2018-01-20 20:03:05 +0000  1676 bytes for ./www/dist/services.html
2018-01-20 20:03:05 +0000  copying file ./www/dist/fonts/Framework7Icons-Regular.woff ... 
2018-01-20 20:03:05 +0000  25964 bytes for ./www/dist/fonts/Framework7Icons-Regular.woff
2018-01-20 20:03:05 +0000  copying file ./www/dist/fonts/Framework7Icons-Regular.eot ... 
2018-01-20 20:03:05 +0000  51562 bytes for ./www/dist/fonts/Framework7Icons-Regular.eot
2018-01-20 20:03:05 +0000  copying file ./www/dist/fonts/Framework7Icons-Regular.ttf ... 
2018-01-20 20:03:05 +0000  51352 bytes for ./www/dist/fonts/Framework7Icons-Regular.ttf
2018-01-20 20:03:05 +0000  copying file ./www/dist/fonts/Framework7Icons-Regular.woff2 ... 
2018-01-20 20:03:05 +0000  20520 bytes for ./www/dist/fonts/Framework7Icons-Regular.woff2
2018-01-20 20:03:05 +0000  copying file ./www/plugins/cordova-plugin-device/www/device.js ... 
2018-01-20 20:03:05 +0000  3070 bytes for ./www/plugins/cordova-plugin-device/www/device.js
2018-01-20 20:03:05 +0000  copying file ./www/plugins/cordova-plugin-ble-central/www/ble.js ... 
2018-01-20 20:03:05 +0000  9063 bytes for ./www/plugins/cordova-plugin-ble-central/www/ble.js
2018-01-20 20:03:05 +0000  copying file ./www/plugins/cordova-plugin-mauron85-background-geolocation/www/backgroundGeolocation.js ... 
2018-01-20 20:03:05 +0000  5992 bytes for ./www/plugins/cordova-plugin-mauron85-background-geolocation/www/backgroundGeolocation.js
2018-01-20 20:03:05 +0000  copying file ./www/js/my-app.js ... 
2018-01-20 20:03:05 +0000  30738 bytes for ./www/js/my-app.js
2018-01-20 20:03:05 +0000  copying file ./www/js/geo.js ... 
2018-01-20 20:03:05 +0000  6617 bytes for ./www/js/geo.js
2018-01-20 20:03:05 +0000  copying file ./www/js/my-app.js.white.js ... 
2018-01-20 20:03:05 +0000  43212 bytes for ./www/js/my-app.js.white.js
copying file ./www/js/onData.js ... 
2018-01-20 20:03:05 +0000  17304 bytes for ./www/js/onData.js
2018-01-20 20:03:05 +0000  copying file ./www/examples/tab-bar/index.html ... 
2018-01-20 20:03:05 +0000  12589 bytes for ./www/examples/tab-bar/index.html
2018-01-20 20:03:05 +0000  copying file ./www/examples/tab-bar/about.html ... 
2018-01-20 20:03:05 +0000  2316 bytes for ./www/examples/tab-bar/about.html
2018-01-20 20:03:05 +0000  copying file ./www/examples/tab-bar/css/my-app.css ... 
2018-01-20 20:03:05 +0000  4340 bytes for ./www/examples/tab-bar/css/my-app.css
2018-01-20 20:03:05 +0000  copying file ./www/examples/tab-bar/js/my-app.js ... 
2018-01-20 20:03:05 +0000  364 bytes for ./www/examples/tab-bar/js/my-app.js
2018-01-20 20:03:05 +0000  copying file ./www/examples/tab-bar/services.html ... 
2018-01-20 20:03:05 +0000  2319 bytes for ./www/examples/tab-bar/services.html
2018-01-20 20:03:05 +0000  copying file ./www/examples/inline-pages/index.html ... 
2018-01-20 20:03:05 +0000  19820 bytes for ./www/examples/inline-pages/index.html
2018-01-20 20:03:05 +0000  copying file ./www/examples/inline-pages/about.html ... 
2018-01-20 20:03:05 +0000  1018 bytes for ./www/examples/inline-pages/about.html
2018-01-20 20:03:05 +0000  copying file ./www/examples/inline-pages/css/my-app.css ... 
2018-01-20 20:03:05 +0000  4340 bytes for ./www/examples/inline-pages/css/my-app.css
2018-01-20 20:03:05 +0000  copying file ./www/examples/inline-pages/js/my-app.js ... 
2018-01-20 20:03:05 +0000  322 bytes for ./www/examples/inline-pages/js/my-app.js
2018-01-20 20:03:05 +0000  copying file ./www/examples/split-view-panel/index.html ... 
2018-01-20 20:03:05 +0000  5903 bytes for ./www/examples/split-view-panel/index.html
2018-01-20 20:03:05 +0000  copying file ./www/examples/split-view-panel/about.html ... 
2018-01-20 20:03:05 +0000  2444 bytes for ./www/examples/split-view-panel/about.html
2018-01-20 20:03:05 +0000  copying file ./www/examples/split-view-panel/css/my-app.css ... 
2018-01-20 20:03:05 +0000  367 bytes for ./www/examples/split-view-panel/css/my-app.css
2018-01-20 20:03:05 +0000  copying file ./www/examples/split-view-panel/js/my-app.js ... 
2018-01-20 20:03:05 +0000  433 bytes for ./www/examples/split-view-panel/js/my-app.js
2018-01-20 20:03:05 +0000  copying file ./www/examples/split-view-panel/left-page-2.html ... 
2018-01-20 20:03:05 +0000  2325 bytes for ./www/examples/split-view-panel/left-page-2.html
2018-01-20 20:03:05 +0000  copying file ./www/examples/split-view-panel/left-page-1.html ... 
2018-01-20 20:03:05 +0000  2325 bytes for ./www/examples/split-view-panel/left-page-1.html
2018-01-20 20:03:05 +0000  copying file ./www/examples/split-view-panel/services.html ... 
2018-01-20 20:03:05 +0000  2447 bytes for ./www/examples/split-view-panel/services.html
2018-01-20 20:03:05 +0000  copying file ./www/examples/template7-pages/contacts.html ... 
2018-01-20 20:03:05 +0000  756 bytes for ./www/examples/template7-pages/contacts.html
2018-01-20 20:03:05 +0000  copying file ./www/examples/template7-pages/index.html ... 
2018-01-20 20:03:05 +0000  5255 bytes for ./www/examples/template7-pages/index.html
2018-01-20 20:03:05 +0000  copying file ./www/examples/template7-pages/css/my-app.css ... 
2018-01-20 20:03:05 +0000  4340 bytes for ./www/examples/template7-pages/css/my-app.css
2018-01-20 20:03:05 +0000  copying file ./www/examples/template7-pages/js/my-app.js ... 
2018-01-20 20:03:05 +0000  2965 bytes for ./www/examples/template7-pages/js/my-app.js
2018-01-20 20:03:05 +0000  copying file ./www/examples/template7-pages/projects.html ... 
2018-01-20 20:03:05 +0000  920 bytes for ./www/examples/template7-pages/projects.html
2018-01-20 20:03:05 +0000  copying file ./www/examples/template7-pages/cars.html ... 
2018-01-20 20:03:05 +0000  879 bytes for ./www/examples/template7-pages/cars.html
2018-01-20 20:03:05 +0000  copying file ./www/examples/template7-pages/car.html ... 
2018-01-20 20:03:05 +0000  890 bytes for ./www/examples/template7-pages/car.html
2018-01-20 20:03:05 +0000  copying file ./www/examples/split-view/index.html ... 
2018-01-20 20:03:05 +0000  5924 bytes for ./www/examples/split-view/index.html
copying file ./www/examples/split-view/about.html ... 
2018-01-20 20:03:05 +0000  2316 bytes for ./www/examples/split-view/about.html
2018-01-20 20:03:05 +0000  copying file ./www/examples/split-view/css/my-app.css ... 
2018-01-20 20:03:05 +0000  497 bytes for ./www/examples/split-view/css/my-app.css
2018-01-20 20:03:05 +0000  copying file ./www/examples/split-view/js/my-app.js ... 
2018-01-20 20:03:05 +0000  399 bytes for ./www/examples/split-view/js/my-app.js
copying file ./www/examples/split-view/left-page-2.html ... 
2018-01-20 20:03:05 +0000  2325 bytes for ./www/examples/split-view/left-page-2.html
copying file ./www/examples/split-view/left-page-1.html ... 
2018-01-20 20:03:05 +0000  2325 bytes for ./www/examples/split-view/left-page-1.html
2018-01-20 20:03:05 +0000  copying file ./www/examples/split-view/services.html ... 
2018-01-20 20:03:05 +0000  2319 bytes for ./www/examples/split-view/services.html
2018-01-20 20:03:05 +0000  copying file ./www/cordova-js-src/exec.js ... 
2018-01-20 20:03:05 +0000  8877 bytes for ./www/cordova-js-src/exec.js
2018-01-20 20:03:05 +0000  copying file ./www/cordova-js-src/plugin/ios/logger.js ... 
2018-01-20 20:03:05 +0000  10233 bytes for ./www/cordova-js-src/plugin/ios/logger.js
2018-01-20 20:03:05 +0000  copying file ./www/cordova-js-src/plugin/ios/console.js ... 
2018-01-20 20:03:05 +0000  6822 bytes for ./www/cordova-js-src/plugin/ios/console.js
2018-01-20 20:03:05 +0000  copying file ./www/cordova-js-src/platform.js ... 
2018-01-20 20:03:05 +0000  1168 bytes for ./www/cordova-js-src/platform.js
2018-01-20 20:03:05 +0000  copying file ./www/lib/framework7/css/framework7.ios.colors.css ... 
2018-01-20 20:03:05 +0000  124434 bytes for ./www/lib/framework7/css/framework7.ios.colors.css
2018-01-20 20:03:05 +0000  copying file ./www/lib/framework7/css/framework7.ios.rtl.css ... 
2018-01-20 20:03:05 +0000  24883 bytes for ./www/lib/framework7/css/framework7.ios.rtl.css
2018-01-20 20:03:05 +0000  copying file ./www/lib/framework7/css/framework7.material.rtl.css ... 
2018-01-20 20:03:05 +0000  40114 bytes for ./www/lib/framework7/css/framework7.material.rtl.css
2018-01-20 20:03:05 +0000  copying file ./www/lib/framework7/css/framework7.ios.rtl.min.css ... 
2018-01-20 20:03:05 +0000  22890 bytes for ./www/lib/framework7/css/framework7.ios.rtl.min.css
2018-01-20 20:03:05 +0000  copying file ./www/lib/framework7/css/framework7.ios.min.css ... 
2018-01-20 20:03:05 +0000  154839 bytes for ./www/lib/framework7/css/framework7.ios.min.css
2018-01-20 20:03:05 +0000  copying file ./www/lib/framework7/css/framework7.material.colors.min.css ... 
2018-01-20 20:03:05 +0000  348913 bytes for ./www/lib/framework7/css/framework7.material.colors.min.css
2018-01-20 20:03:05 +0000  copying file ./www/lib/framework7/css/framework7.ios.css ... 
2018-01-20 20:03:05 +0000  182340 bytes for ./www/lib/framework7/css/framework7.ios.css
2018-01-20 20:03:05 +0000  copying file ./www/lib/framework7/css/framework7.ios.colors.min.css ... 
2018-01-20 20:03:05 +0000  116810 bytes for ./www/lib/framework7/css/framework7.ios.colors.min.css
2018-01-20 20:03:05 +0000  copying file ./www/lib/framework7/css/framework7.material.rtl.min.css ... 
2018-01-20 20:03:05 +0000  38406 bytes for ./www/lib/framework7/css/framework7.material.rtl.min.css
2018-01-20 20:03:05 +0000  copying file ./www/lib/framework7/css/framework7.material.min.css ... 
2018-01-20 20:03:05 +0000  161462 bytes for ./www/lib/framework7/css/framework7.material.min.css
2018-01-20 20:03:05 +0000  copying file ./www/lib/framework7/css/framework7.material.colors.css ... 
2018-01-20 20:03:05 +0000  370860 bytes for ./www/lib/framework7/css/framework7.material.colors.css
2018-01-20 20:03:05 +0000  copying file ./www/lib/framework7/css/framework7.material.css ... 
2018-01-20 20:03:05 +0000  190533 bytes for ./www/lib/framework7/css/framework7.material.css
2018-01-20 20:03:05 +0000  copying file ./www/lib/framework7/js/framework7.min.js.map ... 
2018-01-20 20:03:05 +0000  1201322 bytes for ./www/lib/framework7/js/framework7.min.js.map
2018-01-20 20:03:05 +0000  copying file ./www/lib/framework7/js/framework7.js ... 
808531 bytes for ./www/lib/framework7/js/framework7.js
copying file ./www/lib/framework7/js/framework7.js.map ... 
2018-01-20 20:03:05 +0000  916107 bytes for ./www/lib/framework7/js/framework7.js.map
copying file ./www/lib/framework7/js/framework7.min.js ... 
2018-01-20 20:03:05 +0000  310510 bytes for ./www/lib/framework7/js/framework7.min.js
2018-01-20 20:03:05 +0000  copying file ./www/lib/framework7/img/i-f7-material.png ... 
2018-01-20 20:03:05 +0000  8995 bytes for ./www/lib/framework7/img/i-f7-material.png
2018-01-20 20:03:05 +0000  copying file ./www/lib/framework7/img/i-f7-ios.png ... 
2018-01-20 20:03:05 +0000  7289 bytes for ./www/lib/framework7/img/i-f7-ios.png
2018-01-20 20:03:05 +0000  copying file ./www/index.html.white.html ... 
2018-01-20 20:03:05 +0000  13762 bytes for ./www/index.html.white.html
2018-01-20 20:03:05 +0000  copying file ./www/cordova_plugins.js ... 
2018-01-20 20:03:05 +0000  1077 bytes for ./www/cordova_plugins.js
2018-01-20 20:03:05 +0000  copying file ./www/services.html ... 
2018-01-20 20:03:05 +0000  2319 bytes for ./www/services.html
2018-01-20 20:03:05 +0000  copying file ./archived-expanded-entitlements.xcent ... 
2018-01-20 20:03:05 +0000  181 bytes for ./archived-expanded-entitlements.xcent
2018-01-20 20:03:05 +0000  copying file ./LaunchImage-Landscape~ipad.png ... 
2018-01-20 20:03:05 +0000  934943 bytes for ./LaunchImage-Landscape~ipad.png
2018-01-20 20:03:05 +0000  copying file ./LaunchImage-700-Portrait~ipad.png ... 
923174 bytes for ./LaunchImage-700-Portrait~ipad.png
copying file ./Assets.car ... 
2018-01-20 20:03:05 +0000  383384 bytes for ./Assets.car
copying file ./AppIcon40x40@2x~ipad.png ... 
16740 bytes for ./AppIcon40x40@2x~ipad.png
copying file ./AppIcon76x76@2x~ipad.png ... 
31800 bytes for ./AppIcon76x76@2x~ipad.png
copying file ./LaunchImage-800-Portrait-736h@3x.png ... 
2018-01-20 20:03:05 +0000  2360655 bytes for ./LaunchImage-800-Portrait-736h@3x.png
2018-01-20 20:03:05 +0000  copying file ./AppIcon72x72~ipad.png ... 
13987 bytes for ./AppIcon72x72~ipad.png
copying file ./CDVLaunchScreen.storyboardc/01J-lp-oVM-view-Ze5-6b-2t3.nib ... 
2283 bytes for ./CDVLaunchScreen.storyboardc/01J-lp-oVM-view-Ze5-6b-2t3.nib
copying file ./CDVLaunchScreen.storyboardc/UIViewController-01J-lp-oVM.nib ... 
832 bytes for ./CDVLaunchScreen.storyboardc/UIViewController-01J-lp-oVM.nib
copying file ./CDVLaunchScreen.storyboardc/Info.plist ... 
258 bytes for ./CDVLaunchScreen.storyboardc/Info.plist
copying file ./LaunchImage-700@2x.png ... 
2018-01-20 20:03:05 +0000  776917 bytes for ./LaunchImage-700@2x.png
2018-01-20 20:03:05 +0000  copying file ./AppIcon83.5x83.5@2x~ipad.png ... 
2018-01-20 20:03:05 +0000  28234 bytes for ./AppIcon83.5x83.5@2x~ipad.png
2018-01-20 20:03:05 +0000  copying file ./LaunchImage-700-568h@2x.png ... 
2018-01-20 20:03:05 +0000  906323 bytes for ./LaunchImage-700-568h@2x.png
2018-01-20 20:03:05 +0000  copying file ./LaunchImage-Landscape@2x~ipad.png ... 
2018-01-20 20:03:05 +0000  2053148 bytes for ./LaunchImage-Landscape@2x~ipad.png
2018-01-20 20:03:05 +0000  copying file ./AppIcon50x50~ipad.png ... 
7145 bytes for ./AppIcon50x50~ipad.png
copying file ./AppIcon29x29@2x~ipad.png ... 
9372 bytes for ./AppIcon29x29@2x~ipad.png
copying file ./LaunchImage-700-Landscape@2x~ipad.png ... 
2018-01-20 20:03:05 +0000  2053148 bytes for ./LaunchImage-700-Landscape@2x~ipad.png
2018-01-20 20:03:05 +0000  copying file ./AppIcon50x50@2x~ipad.png ... 
24853 bytes for ./AppIcon50x50@2x~ipad.png
copying file ./AppIcon40x40~ipad.png ... 
4789 bytes for ./AppIcon40x40~ipad.png
copying file ./LaunchImage.png ... 
224143 bytes for ./LaunchImage.png
copying file ./embedded.mobileprovision ... 
9708 bytes for ./embedded.mobileprovision
copying file ./Virtual Crit II ... 
1441520 bytes for ./Virtual Crit II
copying file ./LaunchImage-800-Landscape-736h@3x.png ... 
2018-01-20 20:03:05 +0000  1977057 bytes for ./LaunchImage-800-Landscape-736h@3x.png
2018-01-20 20:03:05 +0000  copying file ./LaunchImage-700-Portrait@2x~ipad.png ... 
2018-01-20 20:03:05 +0000  2589955 bytes for ./LaunchImage-700-Portrait@2x~ipad.png
2018-01-20 20:03:05 +0000  copying file ./LaunchImage-700-Landscape~ipad.png ... 
2018-01-20 20:03:05 +0000  934943 bytes for ./LaunchImage-700-Landscape~ipad.png
copying file ./AppIcon20x20@2x~ipad.png ... 
4789 bytes for ./AppIcon20x20@2x~ipad.png
copying file ./Info.plist ... 
2018-01-20 20:03:05 +0000  2439 bytes for ./Info.plist
2018-01-20 20:03:05 +0000  copying file ./PkgInfo ... 
2018-01-20 20:03:05 +0000  8 bytes for ./PkgInfo
2018-01-20 20:03:05 +0000  copying file ./AppIcon76x76~ipad.png ... 
2018-01-20 20:03:05 +0000  15028 bytes for ./AppIcon76x76~ipad.png
2018-01-20 20:03:05 +0000  
2018-01-20 20:03:05 +0000  
2018-01-20 20:03:05 +0000  2018-01-20 20:03:05 +0000 [MT] /usr/bin/ditto exited with 0

2018-01-20 20:03:05 +0000  
2018-01-20 20:03:05 +0000 [MT] Processing step: IDEDistributionEmbedProfileStep
2018-01-20 20:03:05 +0000 [MT] Processing step: IDEDistributionAppThinningPlistStep
2018-01-20 20:03:05 +0000 [MT] Skipping step: IDEDistributionAppThinningPlistStep because it said so
2018-01-20 20:03:05 +0000 [MT] Processing step: IDEDistributionCompileBitcodeStep
2018-01-20 20:03:05 +0000 [MT] Skipping step: IDEDistributionCompileBitcodeStep because it said so
2018-01-20 20:03:05 +0000 [MT] Processing step: IDEDistributionCodeSlimmingStep
2018-01-20 20:03:05 +0000 [MT] Processing step: IDEDistributionCopyBCSymbolMapsStep
2018-01-20 20:03:05 +0000 [MT] Skipping step: IDEDistributionCopyBCSymbolMapsStep because it said so
2018-01-20 20:03:05 +0000 [MT] Processing step: IDEDistributionSymbolsStep
2018-01-20 20:03:05 +0000 [MT] Skipping step: IDEDistributionSymbolsStep because it said so
2018-01-20 20:03:05 +0000 [MT] Processing step: IDEDistributionAppThinningStep
2018-01-20 20:03:05 +0000 [MT] Skipping step: IDEDistributionAppThinningStep because it said so
2018-01-20 20:03:05 +0000 [MT] Processing step: IDEDistributionODRStep
2018-01-20 20:03:05 +0000 [MT] Processing step: IDEDistributionStripXattrsStep
2018-01-20 20:03:05 +0000 [MT] Running /usr/bin/xattr '-crs' '/var/folders/cc/51zyclcs4yl_jsz5swr5pdz00000gn/T/XcodeDistPipeline.t12/Root/Payload/Virtual Crit II.app'
2018-01-20 20:03:06 +0000  
2018-01-20 20:03:06 +0000  2018-01-20 20:03:06 +0000  2018-01-20 20:03:06 +0000 [MT] /usr/bin/xattr exited with 0


2018-01-20 20:03:06 +0000  
2018-01-20 20:03:06 +0000 [MT] Processing step: IDEDistributionCodesignStep
2018-01-20 20:03:06 +0000 [MT] Applying entitlements delta for <IDEDistributionItem: 0x7fa5137b24b0 'com.virtualcrit' '<DVTFilePath:0x7fa515f04390:'/Users/aaronep/Desktop/Dev/VirtualCrit-IOS/ios-f7/platforms/ios/Virtual Crit II.xcarchive/Products/Applications/Virtual Crit II.app'>'> from <IDEiCloudEntitlementsProcessor: 0x7fa515eda5d0>: {
}
2018-01-20 20:03:06 +0000 [MT] Entitlements for <IDEDistributionItem: 0x7fa5137b24b0 'com.virtualcrit' '<DVTFilePath:0x7fa515f04390:'/Users/aaronep/Desktop/Dev/VirtualCrit-IOS/ios-f7/platforms/ios/Virtual Crit II.xcarchive/Products/Applications/Virtual Crit II.app'>'>: {
    "application-identifier" = "9483S2UTDX.com.virtualcrit";
    "com.apple.developer.team-identifier" = 9483S2UTDX;
    "get-task-allow" = 1;
}
2018-01-20 20:03:06 +0000 [MT] Writing entitlements for <IDEDistributionItem: 0x7fa5137b24b0 'com.virtualcrit' '<DVTFilePath:0x7fa515f04390:'/Users/aaronep/Desktop/Dev/VirtualCrit-IOS/ios-f7/platforms/ios/Virtual Crit II.xcarchive/Products/Applications/Virtual Crit II.app'>'> to: /var/folders/cc/51zyclcs4yl_jsz5swr5pdz00000gn/T/XcodeDistPipeline.t12/entitlementse857Z5
2018-01-20 20:03:06 +0000 [MT] Running /usr/bin/codesign '-vvv' '--force' '--sign' '4B35145885897670B66759845C57B81573406DFA' '--preserve-metadata=identifier,flags' '--entitlements' '/var/folders/cc/51zyclcs4yl_jsz5swr5pdz00000gn/T/XcodeDistPipeline.t12/entitlementse857Z5' '/var/folders/cc/51zyclcs4yl_jsz5swr5pdz00000gn/T/XcodeDistPipeline.t12/Root/Payload/Virtual Crit II.app'
2018-01-20 20:03:06 +0000  /var/folders/cc/51zyclcs4yl_jsz5swr5pdz00000gn/T/XcodeDistPipeline.t12/Root/Payload/Virtual Crit II.app: replacing existing signature
2018-01-20 20:03:06 +0000  /var/folders/cc/51zyclcs4yl_jsz5swr5pdz00000gn/T/XcodeDistPipeline.t12/Root/Payload/Virtual Crit II.app: signed app bundle with Mach-O universal (armv7 arm64) [com.virtualcrit]
2018-01-20 20:03:06 +0000  2018-01-20 20:03:06 +0000  

2018-01-20 20:03:06 +0000  2018-01-20 20:03:06 +0000  

2018-01-20 20:03:06 +0000  
2018-01-20 20:03:06 +0000  
2018-01-20 20:03:06 +0000  
2018-01-20 20:03:06 +0000 [MT] /usr/bin/codesign exited with 0
2018-01-20 20:03:06 +0000  
2018-01-20 20:03:06 +0000 [MT] Processing step: IDEDistributionStreamingZipItemStep
2018-01-20 20:03:06 +0000 [MT] Skipping step: IDEDistributionStreamingZipItemStep because it said so
2018-01-20 20:03:06 +0000 [MT] Processing step: IDEDistributionCreateIPAStep
2018-01-20 20:03:06 +0000 [MT] Running /usr/bin/ditto '-V' '-c' '-k' '--norsrc' '/var/folders/cc/51zyclcs4yl_jsz5swr5pdz00000gn/T/XcodeDistPipeline.t12/Root' '/var/folders/cc/51zyclcs4yl_jsz5swr5pdz00000gn/T/XcodeDistPipeline.t12/Packages/Virtual Crit II.ipa'
2018-01-20 20:03:06 +0000  >>> Copying /var/folders/cc/51zyclcs4yl_jsz5swr5pdz00000gn/T/XcodeDistPipeline.t12/Root 
2018-01-20 20:03:06 +0000  copying file ./Payload/Virtual Crit II.app/_CodeSignature/CodeResources ... 
2018-01-20 20:03:06 +0000  49139 bytes for ./Payload/Virtual Crit II.app/_CodeSignature/CodeResources
2018-01-20 20:03:06 +0000  copying file ./Payload/Virtual Crit II.app/LaunchImage@2x.png ... 
2018-01-20 20:03:06 +0000  776917 bytes for ./Payload/Virtual Crit II.app/LaunchImage@2x.png
copying file ./Payload/Virtual Crit II.app/AppIcon20x20@2x.png ... 
2018-01-20 20:03:06 +0000  4789 bytes for ./Payload/Virtual Crit II.app/AppIcon20x20@2x.png
2018-01-20 20:03:06 +0000  copying file ./Payload/Virtual Crit II.app/MainViewController.nib ... 
2018-01-20 20:03:06 +0000  943 bytes for ./Payload/Virtual Crit II.app/MainViewController.nib
2018-01-20 20:03:06 +0000  copying file ./Payload/Virtual Crit II.app/AppIcon57x57.png ... 
2018-01-20 20:03:06 +0000  8895 bytes for ./Payload/Virtual Crit II.app/AppIcon57x57.png
2018-01-20 20:03:06 +0000  copying file ./Payload/Virtual Crit II.app/AppIcon20x20@3x.png ... 
2018-01-20 20:03:06 +0000  10056 bytes for ./Payload/Virtual Crit II.app/AppIcon20x20@3x.png
2018-01-20 20:03:06 +0000  copying file ./Payload/Virtual Crit II.app/AppIcon29x29.png ... 
2018-01-20 20:03:06 +0000  2677 bytes for ./Payload/Virtual Crit II.app/AppIcon29x29.png
copying file ./Payload/Virtual Crit II.app/LaunchImage-568h@2x.png ... 
2018-01-20 20:03:06 +0000  906323 bytes for ./Payload/Virtual Crit II.app/LaunchImage-568h@2x.png
2018-01-20 20:03:06 +0000  copying file ./Payload/Virtual Crit II.app/AppIcon60x60@2x.png ... 
2018-01-20 20:03:06 +0000  32871 bytes for ./Payload/Virtual Crit II.app/AppIcon60x60@2x.png
2018-01-20 20:03:06 +0000  copying file ./Payload/Virtual Crit II.app/AppIcon72x72@2x~ipad.png ... 
2018-01-20 20:03:06 +0000  39337 bytes for ./Payload/Virtual Crit II.app/AppIcon72x72@2x~ipad.png
2018-01-20 20:03:06 +0000  copying file ./Payload/Virtual Crit II.app/AppIcon29x29@2x.png ... 
2018-01-20 20:03:06 +0000  9372 bytes for ./Payload/Virtual Crit II.app/AppIcon29x29@2x.png
2018-01-20 20:03:06 +0000  copying file ./Payload/Virtual Crit II.app/LaunchImage-800-667h@2x.png ... 
2018-01-20 20:03:06 +0000  1078838 bytes for ./Payload/Virtual Crit II.app/LaunchImage-800-667h@2x.png
2018-01-20 20:03:06 +0000  copying file ./Payload/Virtual Crit II.app/LaunchImage-Portrait@2x~ipad.png ... 
2018-01-20 20:03:06 +0000  2589955 bytes for ./Payload/Virtual Crit II.app/LaunchImage-Portrait@2x~ipad.png
2018-01-20 20:03:06 +0000  copying file ./Payload/Virtual Crit II.app/AppIcon40x40@3x.png ... 
32871 bytes for ./Payload/Virtual Crit II.app/AppIcon40x40@3x.png
copying file ./Payload/Virtual Crit II.app/AppIcon57x57@2x.png ... 
15324 bytes for ./Payload/Virtual Crit II.app/AppIcon57x57@2x.png
copying file ./Payload/Virtual Crit II.app/AppIcon29x29~ipad.png ... 
2677 bytes for ./Payload/Virtual Crit II.app/AppIcon29x29~ipad.png
copying file ./Payload/Virtual Crit II.app/AppIcon40x40@2x.png ... 
16740 bytes for ./Payload/Virtual Crit II.app/AppIcon40x40@2x.png
copying file ./Payload/Virtual Crit II.app/LaunchImage-Portrait~ipad.png ... 
2018-01-20 20:03:06 +0000  923174 bytes for ./Payload/Virtual Crit II.app/LaunchImage-Portrait~ipad.png
2018-01-20 20:03:06 +0000  copying file ./Payload/Virtual Crit II.app/AppIcon29x29@3x.png ... 
2018-01-20 20:03:06 +0000  19687 bytes for ./Payload/Virtual Crit II.app/AppIcon29x29@3x.png
copying file ./Payload/Virtual Crit II.app/AppIcon60x60@3x.png ... 
2018-01-20 20:03:06 +0000  42876 bytes for ./Payload/Virtual Crit II.app/AppIcon60x60@3x.png
2018-01-20 20:03:06 +0000  copying file ./Payload/Virtual Crit II.app/config.xml ... 
2018-01-20 20:03:06 +0000  5290 bytes for ./Payload/Virtual Crit II.app/config.xml
copying file ./Payload/Virtual Crit II.app/www/index.html ... 
2018-01-20 20:03:06 +0000  21874 bytes for ./Payload/Virtual Crit II.app/www/index.html
2018-01-20 20:03:06 +0000  copying file ./Payload/Virtual Crit II.app/www/about.html ... 
2316 bytes for ./Payload/Virtual Crit II.app/www/about.html
2018-01-20 20:03:06 +0000  copying file ./Payload/Virtual Crit II.app/www/cordova.js ... 
2018-01-20 20:03:06 +0000  78044 bytes for ./Payload/Virtual Crit II.app/www/cordova.js
2018-01-20 20:03:06 +0000  copying file ./Payload/Virtual Crit II.app/www/css/my-app.css ... 
2018-01-20 20:03:06 +0000  13313 bytes for ./Payload/Virtual Crit II.app/www/css/my-app.css
2018-01-20 20:03:06 +0000  copying file ./Payload/Virtual Crit II.app/www/css/Yan400.woff2 ... 
2018-01-20 20:03:06 +0000  12436 bytes for ./Payload/Virtual Crit II.app/www/css/Yan400.woff2
copying file ./Payload/Virtual Crit II.app/www/css/Yan700.woff2 ... 
2018-01-20 20:03:06 +0000  12224 bytes for ./Payload/Virtual Crit II.app/www/css/Yan700.woff2
2018-01-20 20:03:06 +0000  copying file ./Payload/Virtual Crit II.app/www/css/my-app.css.white.css ... 
2018-01-20 20:03:06 +0000  9882 bytes for ./Payload/Virtual Crit II.app/www/css/my-app.css.white.css
2018-01-20 20:03:06 +0000  copying file ./Payload/Virtual Crit II.app/www/dist/form.html ... 
2018-01-20 20:03:06 +0000  7425 bytes for ./Payload/Virtual Crit II.app/www/dist/form.html
2018-01-20 20:03:06 +0000  copying file ./Payload/Virtual Crit II.app/www/dist/index.html ... 
2018-01-20 20:03:06 +0000  4654 bytes for ./Payload/Virtual Crit II.app/www/dist/index.html
copying file ./Payload/Virtual Crit II.app/www/dist/about.html ... 
2018-01-20 20:03:06 +0000  1696 bytes for ./Payload/Virtual Crit II.app/www/dist/about.html
copying file ./Payload/Virtual Crit II.app/www/dist/css/framework7.css ... 
2018-01-20 20:03:06 +0000  967988 bytes for ./Payload/Virtual Crit II.app/www/dist/css/framework7.css
2018-01-20 20:03:06 +0000  copying file ./Payload/Virtual Crit II.app/www/dist/css/framework7.ios.colors.css ... 
2018-01-20 20:03:06 +0000  137231 bytes for ./Payload/Virtual Crit II.app/www/dist/css/framework7.ios.colors.css
2018-01-20 20:03:06 +0000  copying file ./Payload/Virtual Crit II.app/www/dist/css/my-app.css ... 
0 bytes for ./Payload/Virtual Crit II.app/www/dist/css/my-app.css
copying file ./Payload/Virtual Crit II.app/www/dist/css/framework7.ios.rtl.css ... 
2018-01-20 20:03:06 +0000  29561 bytes for ./Payload/Virtual Crit II.app/www/dist/css/framework7.ios.rtl.css
2018-01-20 20:03:06 +0000  copying file ./Payload/Virtual Crit II.app/www/dist/css/framework7.material.rtl.css ... 
2018-01-20 20:03:06 +0000  43830 bytes for ./Payload/Virtual Crit II.app/www/dist/css/framework7.material.rtl.css
2018-01-20 20:03:06 +0000  copying file ./Payload/Virtual Crit II.app/www/dist/css/framework7.ios.rtl.min.css ... 
2018-01-20 20:03:06 +0000  26945 bytes for ./Payload/Virtual Crit II.app/www/dist/css/framework7.ios.rtl.min.css
2018-01-20 20:03:06 +0000  copying file ./Payload/Virtual Crit II.app/www/dist/css/framework7.ios.min.css ... 
2018-01-20 20:03:06 +0000  181616 bytes for ./Payload/Virtual Crit II.app/www/dist/css/framework7.ios.min.css
2018-01-20 20:03:06 +0000  copying file ./Payload/Virtual Crit II.app/www/dist/css/framework7.material.colors.min.css ... 
2018-01-20 20:03:06 +0000  373532 bytes for ./Payload/Virtual Crit II.app/www/dist/css/framework7.material.colors.min.css
2018-01-20 20:03:06 +0000  copying file ./Payload/Virtual Crit II.app/www/dist/css/framework7.ios.css ... 
2018-01-20 20:03:06 +0000  213656 bytes for ./Payload/Virtual Crit II.app/www/dist/css/framework7.ios.css
copying file ./Payload/Virtual Crit II.app/www/dist/css/framework7.ios.colors.min.css ... 
2018-01-20 20:03:06 +0000  128528 bytes for ./Payload/Virtual Crit II.app/www/dist/css/framework7.ios.colors.min.css
2018-01-20 20:03:06 +0000  copying file ./Payload/Virtual Crit II.app/www/dist/css/framework7.material.rtl.min.css ... 
2018-01-20 20:03:06 +0000  41642 bytes for ./Payload/Virtual Crit II.app/www/dist/css/framework7.material.rtl.min.css
2018-01-20 20:03:06 +0000  copying file ./Payload/Virtual Crit II.app/www/dist/css/framework7.material.min.css ... 
2018-01-20 20:03:06 +0000  192822 bytes for ./Payload/Virtual Crit II.app/www/dist/css/framework7.material.min.css
copying file ./Payload/Virtual Crit II.app/www/dist/css/framework7.material.colors.css ... 
2018-01-20 20:03:06 +0000  398183 bytes for ./Payload/Virtual Crit II.app/www/dist/css/framework7.material.colors.css
2018-01-20 20:03:06 +0000  copying file ./Payload/Virtual Crit II.app/www/dist/css/framework7.material.css ... 
2018-01-20 20:03:06 +0000  226523 bytes for ./Payload/Virtual Crit II.app/www/dist/css/framework7.material.css
2018-01-20 20:03:06 +0000  copying file ./Payload/Virtual Crit II.app/www/dist/js/framework7.min.js.map ... 
2018-01-20 20:03:07 +0000  1248871 bytes for ./Payload/Virtual Crit II.app/www/dist/js/framework7.min.js.map
2018-01-20 20:03:07 +0000  copying file ./Payload/Virtual Crit II.app/www/dist/js/my-app.js ... 
1666 bytes for ./Payload/Virtual Crit II.app/www/dist/js/my-app.js
copying file ./Payload/Virtual Crit II.app/www/dist/js/framework7.js ... 
2018-01-20 20:03:07 +0000  829993 bytes for ./Payload/Virtual Crit II.app/www/dist/js/framework7.js
copying file ./Payload/Virtual Crit II.app/www/dist/js/framework7.js.map ... 
2018-01-20 20:03:07 +0000  944247 bytes for ./Payload/Virtual Crit II.app/www/dist/js/framework7.js.map
2018-01-20 20:03:07 +0000  copying file ./Payload/Virtual Crit II.app/www/dist/js/framework7.min.js ... 
2018-01-20 20:03:07 +0000  327463 bytes for ./Payload/Virtual Crit II.app/www/dist/js/framework7.min.js
2018-01-20 20:03:07 +0000  copying file ./Payload/Virtual Crit II.app/www/dist/img/i-f7-material.png ... 
2018-01-20 20:03:07 +0000  8995 bytes for ./Payload/Virtual Crit II.app/www/dist/img/i-f7-material.png
copying file ./Payload/Virtual Crit II.app/www/dist/img/i-f7-ios.png ... 
2018-01-20 20:03:07 +0000  7289 bytes for ./Payload/Virtual Crit II.app/www/dist/img/i-f7-ios.png
2018-01-20 20:03:07 +0000  copying file ./Payload/Virtual Crit II.app/www/dist/services.html ... 
2018-01-20 20:03:07 +0000  1676 bytes for ./Payload/Virtual Crit II.app/www/dist/services.html
copying file ./Payload/Virtual Crit II.app/www/dist/fonts/Framework7Icons-Regular.woff ... 
2018-01-20 20:03:07 +0000  25964 bytes for ./Payload/Virtual Crit II.app/www/dist/fonts/Framework7Icons-Regular.woff
2018-01-20 20:03:07 +0000  copying file ./Payload/Virtual Crit II.app/www/dist/fonts/Framework7Icons-Regular.eot ... 
2018-01-20 20:03:07 +0000  51562 bytes for ./Payload/Virtual Crit II.app/www/dist/fonts/Framework7Icons-Regular.eot
2018-01-20 20:03:07 +0000  copying file ./Payload/Virtual Crit II.app/www/dist/fonts/Framework7Icons-Regular.ttf ... 
2018-01-20 20:03:07 +0000  51352 bytes for ./Payload/Virtual Crit II.app/www/dist/fonts/Framework7Icons-Regular.ttf
2018-01-20 20:03:07 +0000  copying file ./Payload/Virtual Crit II.app/www/dist/fonts/Framework7Icons-Regular.woff2 ... 
2018-01-20 20:03:07 +0000  20520 bytes for ./Payload/Virtual Crit II.app/www/dist/fonts/Framework7Icons-Regular.woff2
2018-01-20 20:03:07 +0000  copying file ./Payload/Virtual Crit II.app/www/plugins/cordova-plugin-device/www/device.js ... 
2018-01-20 20:03:07 +0000  3070 bytes for ./Payload/Virtual Crit II.app/www/plugins/cordova-plugin-device/www/device.js
2018-01-20 20:03:07 +0000  copying file ./Payload/Virtual Crit II.app/www/plugins/cordova-plugin-ble-central/www/ble.js ... 
2018-01-20 20:03:07 +0000  9063 bytes for ./Payload/Virtual Crit II.app/www/plugins/cordova-plugin-ble-central/www/ble.js
2018-01-20 20:03:07 +0000  copying file ./Payload/Virtual Crit II.app/www/plugins/cordova-plugin-mauron85-background-geolocation/www/backgroundGeolocation.js ... 
2018-01-20 20:03:07 +0000  5992 bytes for ./Payload/Virtual Crit II.app/www/plugins/cordova-plugin-mauron85-background-geolocation/www/backgroundGeolocation.js
2018-01-20 20:03:07 +0000  copying file ./Payload/Virtual Crit II.app/www/js/my-app.js ... 
2018-01-20 20:03:07 +0000  30738 bytes for ./Payload/Virtual Crit II.app/www/js/my-app.js
2018-01-20 20:03:07 +0000  copying file ./Payload/Virtual Crit II.app/www/js/geo.js ... 
2018-01-20 20:03:07 +0000  6617 bytes for ./Payload/Virtual Crit II.app/www/js/geo.js
2018-01-20 20:03:07 +0000  copying file ./Payload/Virtual Crit II.app/www/js/my-app.js.white.js ... 
2018-01-20 20:03:07 +0000  43212 bytes for ./Payload/Virtual Crit II.app/www/js/my-app.js.white.js
2018-01-20 20:03:07 +0000  copying file ./Payload/Virtual Crit II.app/www/js/onData.js ... 
2018-01-20 20:03:07 +0000  17304 bytes for ./Payload/Virtual Crit II.app/www/js/onData.js
2018-01-20 20:03:07 +0000  copying file ./Payload/Virtual Crit II.app/www/examples/tab-bar/index.html ... 
2018-01-20 20:03:07 +0000  12589 bytes for ./Payload/Virtual Crit II.app/www/examples/tab-bar/index.html
2018-01-20 20:03:07 +0000  copying file ./Payload/Virtual Crit II.app/www/examples/tab-bar/about.html ... 
2018-01-20 20:03:07 +0000  2316 bytes for ./Payload/Virtual Crit II.app/www/examples/tab-bar/about.html
copying file ./Payload/Virtual Crit II.app/www/examples/tab-bar/css/my-app.css ... 
2018-01-20 20:03:07 +0000  4340 bytes for ./Payload/Virtual Crit II.app/www/examples/tab-bar/css/my-app.css
2018-01-20 20:03:07 +0000  copying file ./Payload/Virtual Crit II.app/www/examples/tab-bar/js/my-app.js ... 
2018-01-20 20:03:07 +0000  364 bytes for ./Payload/Virtual Crit II.app/www/examples/tab-bar/js/my-app.js
copying file ./Payload/Virtual Crit II.app/www/examples/tab-bar/services.html ... 
2018-01-20 20:03:07 +0000  2319 bytes for ./Payload/Virtual Crit II.app/www/examples/tab-bar/services.html
2018-01-20 20:03:07 +0000  copying file ./Payload/Virtual Crit II.app/www/examples/inline-pages/index.html ... 
2018-01-20 20:03:07 +0000  19820 bytes for ./Payload/Virtual Crit II.app/www/examples/inline-pages/index.html
2018-01-20 20:03:07 +0000  copying file ./Payload/Virtual Crit II.app/www/examples/inline-pages/about.html ... 
2018-01-20 20:03:07 +0000  1018 bytes for ./Payload/Virtual Crit II.app/www/examples/inline-pages/about.html
copying file ./Payload/Virtual Crit II.app/www/examples/inline-pages/css/my-app.css ... 
2018-01-20 20:03:07 +0000  4340 bytes for ./Payload/Virtual Crit II.app/www/examples/inline-pages/css/my-app.css
2018-01-20 20:03:07 +0000  copying file ./Payload/Virtual Crit II.app/www/examples/inline-pages/js/my-app.js ... 
2018-01-20 20:03:07 +0000  322 bytes for ./Payload/Virtual Crit II.app/www/examples/inline-pages/js/my-app.js
2018-01-20 20:03:07 +0000  copying file ./Payload/Virtual Crit II.app/www/examples/split-view-panel/index.html ... 
2018-01-20 20:03:07 +0000  5903 bytes for ./Payload/Virtual Crit II.app/www/examples/split-view-panel/index.html
2018-01-20 20:03:07 +0000  copying file ./Payload/Virtual Crit II.app/www/examples/split-view-panel/about.html ... 
2018-01-20 20:03:07 +0000  2444 bytes for ./Payload/Virtual Crit II.app/www/examples/split-view-panel/about.html
copying file ./Payload/Virtual Crit II.app/www/examples/split-view-panel/css/my-app.css ... 
2018-01-20 20:03:07 +0000  367 bytes for ./Payload/Virtual Crit II.app/www/examples/split-view-panel/css/my-app.css
2018-01-20 20:03:07 +0000  copying file ./Payload/Virtual Crit II.app/www/examples/split-view-panel/js/my-app.js ... 
2018-01-20 20:03:07 +0000  433 bytes for ./Payload/Virtual Crit II.app/www/examples/split-view-panel/js/my-app.js
2018-01-20 20:03:07 +0000  copying file ./Payload/Virtual Crit II.app/www/examples/split-view-panel/left-page-2.html ... 
2018-01-20 20:03:07 +0000  2325 bytes for ./Payload/Virtual Crit II.app/www/examples/split-view-panel/left-page-2.html
copying file ./Payload/Virtual Crit II.app/www/examples/split-view-panel/left-page-1.html ... 
2018-01-20 20:03:07 +0000  2325 bytes for ./Payload/Virtual Crit II.app/www/examples/split-view-panel/left-page-1.html
copying file ./Payload/Virtual Crit II.app/www/examples/split-view-panel/services.html ... 
2018-01-20 20:03:07 +0000  2447 bytes for ./Payload/Virtual Crit II.app/www/examples/split-view-panel/services.html
2018-01-20 20:03:07 +0000  copying file ./Payload/Virtual Crit II.app/www/examples/template7-pages/contacts.html ... 
756 bytes for ./Payload/Virtual Crit II.app/www/examples/template7-pages/contacts.html
2018-01-20 20:03:07 +0000  copying file ./Payload/Virtual Crit II.app/www/examples/template7-pages/index.html ... 
2018-01-20 20:03:07 +0000  5255 bytes for ./Payload/Virtual Crit II.app/www/examples/template7-pages/index.html
copying file ./Payload/Virtual Crit II.app/www/examples/template7-pages/css/my-app.css ... 
2018-01-20 20:03:07 +0000  4340 bytes for ./Payload/Virtual Crit II.app/www/examples/template7-pages/css/my-app.css
2018-01-20 20:03:07 +0000  copying file ./Payload/Virtual Crit II.app/www/examples/template7-pages/js/my-app.js ... 
2018-01-20 20:03:07 +0000  2965 bytes for ./Payload/Virtual Crit II.app/www/examples/template7-pages/js/my-app.js
copying file ./Payload/Virtual Crit II.app/www/examples/template7-pages/projects.html ... 
2018-01-20 20:03:07 +0000  920 bytes for ./Payload/Virtual Crit II.app/www/examples/template7-pages/projects.html
copying file ./Payload/Virtual Crit II.app/www/examples/template7-pages/cars.html ... 
2018-01-20 20:03:07 +0000  879 bytes for ./Payload/Virtual Crit II.app/www/examples/template7-pages/cars.html
copying file ./Payload/Virtual Crit II.app/www/examples/template7-pages/car.html ... 
890 bytes for ./Payload/Virtual Crit II.app/www/examples/template7-pages/car.html
2018-01-20 20:03:07 +0000  copying file ./Payload/Virtual Crit II.app/www/examples/split-view/index.html ... 
2018-01-20 20:03:07 +0000  5924 bytes for ./Payload/Virtual Crit II.app/www/examples/split-view/index.html
copying file ./Payload/Virtual Crit II.app/www/examples/split-view/about.html ... 
2018-01-20 20:03:07 +0000  2316 bytes for ./Payload/Virtual Crit II.app/www/examples/split-view/about.html
2018-01-20 20:03:07 +0000  copying file ./Payload/Virtual Crit II.app/www/examples/split-view/css/my-app.css ... 
497 bytes for ./Payload/Virtual Crit II.app/www/examples/split-view/css/my-app.css
2018-01-20 20:03:07 +0000  copying file ./Payload/Virtual Crit II.app/www/examples/split-view/js/my-app.js ... 
399 bytes for ./Payload/Virtual Crit II.app/www/examples/split-view/js/my-app.js
2018-01-20 20:03:07 +0000  copying file ./Payload/Virtual Crit II.app/www/examples/split-view/left-page-2.html ... 
2018-01-20 20:03:07 +0000  2325 bytes for ./Payload/Virtual Crit II.app/www/examples/split-view/left-page-2.html
copying file ./Payload/Virtual Crit II.app/www/examples/split-view/left-page-1.html ... 
2018-01-20 20:03:07 +0000  2325 bytes for ./Payload/Virtual Crit II.app/www/examples/split-view/left-page-1.html
copying file ./Payload/Virtual Crit II.app/www/examples/split-view/services.html ... 
2018-01-20 20:03:07 +0000  2319 bytes for ./Payload/Virtual Crit II.app/www/examples/split-view/services.html
copying file ./Payload/Virtual Crit II.app/www/cordova-js-src/exec.js ... 
2018-01-20 20:03:07 +0000  8877 bytes for ./Payload/Virtual Crit II.app/www/cordova-js-src/exec.js
2018-01-20 20:03:07 +0000  copying file ./Payload/Virtual Crit II.app/www/cordova-js-src/plugin/ios/logger.js ... 
2018-01-20 20:03:07 +0000  10233 bytes for ./Payload/Virtual Crit II.app/www/cordova-js-src/plugin/ios/logger.js
2018-01-20 20:03:07 +0000  copying file ./Payload/Virtual Crit II.app/www/cordova-js-src/plugin/ios/console.js ... 
2018-01-20 20:03:07 +0000  6822 bytes for ./Payload/Virtual Crit II.app/www/cordova-js-src/plugin/ios/console.js
2018-01-20 20:03:07 +0000  copying file ./Payload/Virtual Crit II.app/www/cordova-js-src/platform.js ... 
1168 bytes for ./Payload/Virtual Crit II.app/www/cordova-js-src/platform.js
2018-01-20 20:03:07 +0000  copying file ./Payload/Virtual Crit II.app/www/lib/framework7/css/framework7.ios.colors.css ... 
2018-01-20 20:03:07 +0000  124434 bytes for ./Payload/Virtual Crit II.app/www/lib/framework7/css/framework7.ios.colors.css
2018-01-20 20:03:07 +0000  copying file ./Payload/Virtual Crit II.app/www/lib/framework7/css/framework7.ios.rtl.css ... 
2018-01-20 20:03:07 +0000  24883 bytes for ./Payload/Virtual Crit II.app/www/lib/framework7/css/framework7.ios.rtl.css
2018-01-20 20:03:07 +0000  copying file ./Payload/Virtual Crit II.app/www/lib/framework7/css/framework7.material.rtl.css ... 
2018-01-20 20:03:07 +0000  40114 bytes for ./Payload/Virtual Crit II.app/www/lib/framework7/css/framework7.material.rtl.css
2018-01-20 20:03:07 +0000  copying file ./Payload/Virtual Crit II.app/www/lib/framework7/css/framework7.ios.rtl.min.css ... 
2018-01-20 20:03:07 +0000  22890 bytes for ./Payload/Virtual Crit II.app/www/lib/framework7/css/framework7.ios.rtl.min.css
2018-01-20 20:03:07 +0000  copying file ./Payload/Virtual Crit II.app/www/lib/framework7/css/framework7.ios.min.css ... 
2018-01-20 20:03:07 +0000  154839 bytes for ./Payload/Virtual Crit II.app/www/lib/framework7/css/framework7.ios.min.css
2018-01-20 20:03:07 +0000  copying file ./Payload/Virtual Crit II.app/www/lib/framework7/css/framework7.material.colors.min.css ... 
2018-01-20 20:03:07 +0000  348913 bytes for ./Payload/Virtual Crit II.app/www/lib/framework7/css/framework7.material.colors.min.css
2018-01-20 20:03:07 +0000  copying file ./Payload/Virtual Crit II.app/www/lib/framework7/css/framework7.ios.css ... 
2018-01-20 20:03:07 +0000  182340 bytes for ./Payload/Virtual Crit II.app/www/lib/framework7/css/framework7.ios.css
2018-01-20 20:03:07 +0000  copying file ./Payload/Virtual Crit II.app/www/lib/framework7/css/framework7.ios.colors.min.css ... 
2018-01-20 20:03:07 +0000  116810 bytes for ./Payload/Virtual Crit II.app/www/lib/framework7/css/framework7.ios.colors.min.css
2018-01-20 20:03:07 +0000  copying file ./Payload/Virtual Crit II.app/www/lib/framework7/css/framework7.material.rtl.min.css ... 
2018-01-20 20:03:07 +0000  38406 bytes for ./Payload/Virtual Crit II.app/www/lib/framework7/css/framework7.material.rtl.min.css
2018-01-20 20:03:07 +0000  copying file ./Payload/Virtual Crit II.app/www/lib/framework7/css/framework7.material.min.css ... 
2018-01-20 20:03:07 +0000  161462 bytes for ./Payload/Virtual Crit II.app/www/lib/framework7/css/framework7.material.min.css
2018-01-20 20:03:07 +0000  copying file ./Payload/Virtual Crit II.app/www/lib/framework7/css/framework7.material.colors.css ... 
2018-01-20 20:03:07 +0000  370860 bytes for ./Payload/Virtual Crit II.app/www/lib/framework7/css/framework7.material.colors.css
2018-01-20 20:03:07 +0000  copying file ./Payload/Virtual Crit II.app/www/lib/framework7/css/framework7.material.css ... 
2018-01-20 20:03:07 +0000  190533 bytes for ./Payload/Virtual Crit II.app/www/lib/framework7/css/framework7.material.css
2018-01-20 20:03:07 +0000  copying file ./Payload/Virtual Crit II.app/www/lib/framework7/js/framework7.min.js.map ... 
2018-01-20 20:03:07 +0000  1201322 bytes for ./Payload/Virtual Crit II.app/www/lib/framework7/js/framework7.min.js.map
2018-01-20 20:03:07 +0000  copying file ./Payload/Virtual Crit II.app/www/lib/framework7/js/framework7.js ... 
2018-01-20 20:03:07 +0000  808531 bytes for ./Payload/Virtual Crit II.app/www/lib/framework7/js/framework7.js
2018-01-20 20:03:07 +0000  copying file ./Payload/Virtual Crit II.app/www/lib/framework7/js/framework7.js.map ... 
2018-01-20 20:03:07 +0000  916107 bytes for ./Payload/Virtual Crit II.app/www/lib/framework7/js/framework7.js.map
copying file ./Payload/Virtual Crit II.app/www/lib/framework7/js/framework7.min.js ... 
2018-01-20 20:03:07 +0000  310510 bytes for ./Payload/Virtual Crit II.app/www/lib/framework7/js/framework7.min.js
2018-01-20 20:03:07 +0000  copying file ./Payload/Virtual Crit II.app/www/lib/framework7/img/i-f7-material.png ... 
2018-01-20 20:03:07 +0000  8995 bytes for ./Payload/Virtual Crit II.app/www/lib/framework7/img/i-f7-material.png
2018-01-20 20:03:07 +0000  copying file ./Payload/Virtual Crit II.app/www/lib/framework7/img/i-f7-ios.png ... 
7289 bytes for ./Payload/Virtual Crit II.app/www/lib/framework7/img/i-f7-ios.png
copying file ./Payload/Virtual Crit II.app/www/index.html.white.html ... 
13762 bytes for ./Payload/Virtual Crit II.app/www/index.html.white.html
copying file ./Payload/Virtual Crit II.app/www/cordova_plugins.js ... 
1077 bytes for ./Payload/Virtual Crit II.app/www/cordova_plugins.js
copying file ./Payload/Virtual Crit II.app/www/services.html ... 
2319 bytes for ./Payload/Virtual Crit II.app/www/services.html
copying file ./Payload/Virtual Crit II.app/archived-expanded-entitlements.xcent ... 
2018-01-20 20:03:07 +0000  181 bytes for ./Payload/Virtual Crit II.app/archived-expanded-entitlements.xcent
copying file ./Payload/Virtual Crit II.app/LaunchImage-Landscape~ipad.png ... 
2018-01-20 20:03:07 +0000  934943 bytes for ./Payload/Virtual Crit II.app/LaunchImage-Landscape~ipad.png
copying file ./Payload/Virtual Crit II.app/LaunchImage-700-Portrait~ipad.png ... 
2018-01-20 20:03:07 +0000  923174 bytes for ./Payload/Virtual Crit II.app/LaunchImage-700-Portrait~ipad.png
2018-01-20 20:03:07 +0000  copying file ./Payload/Virtual Crit II.app/Assets.car ... 
2018-01-20 20:03:07 +0000  383384 bytes for ./Payload/Virtual Crit II.app/Assets.car
2018-01-20 20:03:07 +0000  copying file ./Payload/Virtual Crit II.app/AppIcon40x40@2x~ipad.png ... 
2018-01-20 20:03:07 +0000  16740 bytes for ./Payload/Virtual Crit II.app/AppIcon40x40@2x~ipad.png
2018-01-20 20:03:07 +0000  copying file ./Payload/Virtual Crit II.app/AppIcon76x76@2x~ipad.png ... 
2018-01-20 20:03:07 +0000  31800 bytes for ./Payload/Virtual Crit II.app/AppIcon76x76@2x~ipad.png
2018-01-20 20:03:07 +0000  copying file ./Payload/Virtual Crit II.app/LaunchImage-800-Portrait-736h@3x.png ... 
2018-01-20 20:03:07 +0000  2360655 bytes for ./Payload/Virtual Crit II.app/LaunchImage-800-Portrait-736h@3x.png
copying file ./Payload/Virtual Crit II.app/AppIcon72x72~ipad.png ... 
2018-01-20 20:03:07 +0000  13987 bytes for ./Payload/Virtual Crit II.app/AppIcon72x72~ipad.png
2018-01-20 20:03:07 +0000  copying file ./Payload/Virtual Crit II.app/CDVLaunchScreen.storyboardc/01J-lp-oVM-view-Ze5-6b-2t3.nib ... 
2018-01-20 20:03:07 +0000  2283 bytes for ./Payload/Virtual Crit II.app/CDVLaunchScreen.storyboardc/01J-lp-oVM-view-Ze5-6b-2t3.nib
copying file ./Payload/Virtual Crit II.app/CDVLaunchScreen.storyboardc/UIViewController-01J-lp-oVM.nib ... 
2018-01-20 20:03:07 +0000  832 bytes for ./Payload/Virtual Crit II.app/CDVLaunchScreen.storyboardc/UIViewController-01J-lp-oVM.nib
copying file ./Payload/Virtual Crit II.app/CDVLaunchScreen.storyboardc/Info.plist ... 
2018-01-20 20:03:07 +0000  258 bytes for ./Payload/Virtual Crit II.app/CDVLaunchScreen.storyboardc/Info.plist
copying file ./Payload/Virtual Crit II.app/LaunchImage-700@2x.png ... 
2018-01-20 20:03:07 +0000  776917 bytes for ./Payload/Virtual Crit II.app/LaunchImage-700@2x.png
copying file ./Payload/Virtual Crit II.app/AppIcon83.5x83.5@2x~ipad.png ... 
2018-01-20 20:03:07 +0000  28234 bytes for ./Payload/Virtual Crit II.app/AppIcon83.5x83.5@2x~ipad.png
copying file ./Payload/Virtual Crit II.app/LaunchImage-700-568h@2x.png ... 
2018-01-20 20:03:07 +0000  906323 bytes for ./Payload/Virtual Crit II.app/LaunchImage-700-568h@2x.png
copying file ./Payload/Virtual Crit II.app/LaunchImage-Landscape@2x~ipad.png ... 
2018-01-20 20:03:07 +0000  2053148 bytes for ./Payload/Virtual Crit II.app/LaunchImage-Landscape@2x~ipad.png
copying file ./Payload/Virtual Crit II.app/AppIcon50x50~ipad.png ... 
2018-01-20 20:03:07 +0000  7145 bytes for ./Payload/Virtual Crit II.app/AppIcon50x50~ipad.png
2018-01-20 20:03:07 +0000  copying file ./Payload/Virtual Crit II.app/AppIcon29x29@2x~ipad.png ... 
2018-01-20 20:03:07 +0000  9372 bytes for ./Payload/Virtual Crit II.app/AppIcon29x29@2x~ipad.png
copying file ./Payload/Virtual Crit II.app/LaunchImage-700-Landscape@2x~ipad.png ... 
2018-01-20 20:03:07 +0000  2053148 bytes for ./Payload/Virtual Crit II.app/LaunchImage-700-Landscape@2x~ipad.png
copying file ./Payload/Virtual Crit II.app/AppIcon50x50@2x~ipad.png ... 
2018-01-20 20:03:07 +0000  24853 bytes for ./Payload/Virtual Crit II.app/AppIcon50x50@2x~ipad.png
copying file ./Payload/Virtual Crit II.app/AppIcon40x40~ipad.png ... 
2018-01-20 20:03:07 +0000  4789 bytes for ./Payload/Virtual Crit II.app/AppIcon40x40~ipad.png
copying file ./Payload/Virtual Crit II.app/LaunchImage.png ... 
2018-01-20 20:03:07 +0000  224143 bytes for ./Payload/Virtual Crit II.app/LaunchImage.png
copying file ./Payload/Virtual Crit II.app/embedded.mobileprovision ... 
2018-01-20 20:03:07 +0000  9708 bytes for ./Payload/Virtual Crit II.app/embedded.mobileprovision
copying file ./Payload/Virtual Crit II.app/Virtual Crit II ... 
2018-01-20 20:03:07 +0000  1441520 bytes for ./Payload/Virtual Crit II.app/Virtual Crit II
copying file ./Payload/Virtual Crit II.app/LaunchImage-800-Landscape-736h@3x.png ... 
2018-01-20 20:03:07 +0000  1977057 bytes for ./Payload/Virtual Crit II.app/LaunchImage-800-Landscape-736h@3x.png
copying file ./Payload/Virtual Crit II.app/LaunchImage-700-Portrait@2x~ipad.png ... 
2018-01-20 20:03:08 +0000  2589955 bytes for ./Payload/Virtual Crit II.app/LaunchImage-700-Portrait@2x~ipad.png
copying file ./Payload/Virtual Crit II.app/LaunchImage-700-Landscape~ipad.png ... 
2018-01-20 20:03:08 +0000  934943 bytes for ./Payload/Virtual Crit II.app/LaunchImage-700-Landscape~ipad.png
copying file ./Payload/Virtual Crit II.app/AppIcon20x20@2x~ipad.png ... 
2018-01-20 20:03:08 +0000  4789 bytes for ./Payload/Virtual Crit II.app/AppIcon20x20@2x~ipad.png
copying file ./Payload/Virtual Crit II.app/Info.plist ... 
2018-01-20 20:03:08 +0000  2439 bytes for ./Payload/Virtual Crit II.app/Info.plist
copying file ./Payload/Virtual Crit II.app/PkgInfo ... 
2018-01-20 20:03:08 +0000  8 bytes for ./Payload/Virtual Crit II.app/PkgInfo
copying file ./Payload/Virtual Crit II.app/AppIcon76x76~ipad.png ... 
2018-01-20 20:03:08 +0000  15028 bytes for ./Payload/Virtual Crit II.app/AppIcon76x76~ipad.png
2018-01-20 20:03:08 +0000  
2018-01-20 20:03:08 +0000  2018-01-20 20:03:08 +0000 [MT] /usr/bin/ditto exited with 0

2018-01-20 20:03:08 +0000  
2018-01-20 20:03:08 +0000  
2018-01-20 20:03:08 +0000 [MT] Processing step: IDEDistributionCreateManifestStep
